[01m[K/home/ndev/Documents/nmt/map_test/catkin_ws/src/mapping/src/transform_pointcloud.cpp:[m[K In function ‘[01m[Kvoid callback(const PointCloud2ConstPtr&)[m[K’:
[01m[K/home/ndev/Documents/nmt/map_test/catkin_ws/src/mapping/src/transform_pointcloud.cpp:92:87:[m[K [01;31m[Kerror: [m[Kno matching function for call to ‘[01m[Kquickselect(nav_msgs::OccupancyGrid_<std::allocator<void> >::_data_type&, int, std::vector<signed char, std::allocator<signed char> >::size_type, int)[m[K’
   92 |                     float mean_min = quickselect(grid.data, 0, grid.data.size() - 1, 0[01;31m[K)[m[K
      |                                                                                       [01;31m[K^[m[K
In file included from [01m[K/home/ndev/Documents/nmt/map_test/catkin_ws/src/mapping/src/transform_pointcloud.cpp:10[m[K:
[01m[K/home/ndev/Documents/nmt/map_test/catkin_ws/src/mapping/src/quickselect.h:18:5:[m[K [01;36m[Knote: [m[Kcandidate: ‘[01m[Kint quickselect(std::vector<float>&, int, int, int)[m[K’
   18 | int [01;36m[Kquickselect[m[K(std::vector<float>& vec, int left, int right, int k) {
      |     [01;36m[K^~~~~~~~~~~[m[K
[01m[K/home/ndev/Documents/nmt/map_test/catkin_ws/src/mapping/src/quickselect.h:18:37:[m[K [01;36m[Knote: [m[K  no known conversion for argument 1 from ‘[01m[Knav_msgs::OccupancyGrid_<std::allocator<void> >::_data_type[m[K’ {aka ‘[01m[Kstd::vector<signed char, std::allocator<signed char> >[m[K’} to ‘[01m[Kstd::vector<float>&[m[K’
   18 | int quickselect([01;36m[Kstd::vector<float>& vec[m[K, int left, int right, int k) {
      |                 [01;36m[K~~~~~~~~~~~~~~~~~~~~^~~[m[K
[01m[K/home/ndev/Documents/nmt/map_test/catkin_ws/src/mapping/src/quickselect.h:62:5:[m[K [01;36m[Knote: [m[Kcandidate: ‘[01m[Kint quickselect(std::vector<char>&, int, int, int)[m[K’
   62 | int [01;36m[Kquickselect[m[K(std::vector<char>& vec, int left, int right, int k) {
      |     [01;36m[K^~~~~~~~~~~[m[K
[01m[K/home/ndev/Documents/nmt/map_test/catkin_ws/src/mapping/src/quickselect.h:62:36:[m[K [01;36m[Knote: [m[K  no known conversion for argument 1 from ‘[01m[Knav_msgs::OccupancyGrid_<std::allocator<void> >::_data_type[m[K’ {aka ‘[01m[Kstd::vector<signed char, std::allocator<signed char> >[m[K’} to ‘[01m[Kstd::vector<char>&[m[K’
   62 | int quickselect([01;36m[Kstd::vector<char>& vec[m[K, int left, int right, int k) {
      |                 [01;36m[K~~~~~~~~~~~~~~~~~~~^~~[m[K
[01m[K/home/ndev/Documents/nmt/map_test/catkin_ws/src/mapping/src/transform_pointcloud.cpp:95:34:[m[K [01;31m[Kerror: [m[K‘[01m[Kscaled_mean[m[K’ was not declared in this scope
   95 |                     std::cout << [01;31m[Kscaled_mean[m[K << std::endl;
      |                                  [01;31m[K^~~~~~~~~~~[m[K
make[2]: *** [CMakeFiles/transform_pointcloud_node.dir/build.make:63: CMakeFiles/transform_pointcloud_node.dir/src/transform_pointcloud.cpp.o] Error 1
make[1]: *** [CMakeFiles/Makefile2:403: CMakeFiles/transform_pointcloud_node.dir/all] Error 2
make: *** [Makefile:141: all] Error 2
