[01m[K/home/ndev/Documents/nmt/map_test/catkin_ws/src/mapping/src/transform_pointcloud.cpp:[m[K In function ‘[01m[Kvoid callback(const PointCloud2ConstPtr&)[m[K’:
[01m[K/home/ndev/Documents/nmt/map_test/catkin_ws/src/mapping/src/transform_pointcloud.cpp:11:9:[m[K [01;31m[Kerror: [m[K‘[01m[Ktf2_buffer_[m[K’ was not declared in this scope
   11 |     if ([01;31m[Ktf2_buffer_[m[K.canTransform(transform_frame_, cloud_msg->header.frame_id, ros::Time(0)))
      |         [01;31m[K^~~~~~~~~~~[m[K
[01m[K/home/ndev/Documents/nmt/map_test/catkin_ws/src/mapping/src/transform_pointcloud.cpp:11:34:[m[K [01;31m[Kerror: [m[K‘[01m[Ktransform_frame_[m[K’ was not declared in this scope
   11 |     if (tf2_buffer_.canTransform([01;31m[Ktransform_frame_[m[K, cloud_msg->header.frame_id, ros::Time(0)))
      |                                  [01;31m[K^~~~~~~~~~~~~~~~[m[K
[01m[K/home/ndev/Documents/nmt/map_test/catkin_ws/src/mapping/src/transform_pointcloud.cpp:14:14:[m[K [01;31m[Kerror: [m[K‘[01m[KTransform[m[K’ is not a member of ‘[01m[Ktf2[m[K’; did you mean ‘[01m[KdoTransform[m[K’?
   14 |         tf2::[01;31m[KTransform[m[K transform;
      |              [01;31m[K^~~~~~~~~[m[K
      |              [32m[KdoTransform[m[K
[01m[K/home/ndev/Documents/nmt/map_test/catkin_ws/src/mapping/src/transform_pointcloud.cpp:17:66:[m[K [01;31m[Kerror: [m[K‘[01m[Kmap_frame[m[K’ was not declared in this scope
   17 |             auto transform_stamped = tf2_buffer_.lookupTransform([01;31m[Kmap_frame[m[K, cloud_msg->header.frame_id, ros::Time(0));
      |                                                                  [01;31m[K^~~~~~~~~[m[K
[01m[K/home/ndev/Documents/nmt/map_test/catkin_ws/src/mapping/src/transform_pointcloud.cpp:18:55:[m[K [01;31m[Kerror: [m[K‘[01m[Ktransform[m[K’ was not declared in this scope
   18 |             tf2::fromMsg(transform_stamped.transform, [01;31m[Ktransform[m[K);
      |                                                       [01;31m[K^~~~~~~~~[m[K
[01m[K/home/ndev/Documents/nmt/map_test/catkin_ws/src/mapping/src/transform_pointcloud.cpp:18:55:[m[K [01;36m[Knote: [m[Ksuggested alternatives:
In file included from [01m[K/usr/include/c++/9/algorithm:62[m[K,
                 from [01m[K/usr/include/boost/math/tools/config.hpp:18[m[K,
                 from [01m[K/usr/include/boost/math/special_functions/round.hpp:13[m[K,
                 from [01m[K/opt/ros/noetic/include/ros/time.h:58[m[K,
                 from [01m[K/opt/ros/noetic/include/ros/ros.h:38[m[K,
                 from [01m[K/home/ndev/Documents/nmt/map_test/catkin_ws/src/mapping/src/transform_pointcloud.cpp:1[m[K:
[01m[K/usr/include/c++/9/bits/stl_algo.h:4369:5:[m[K [01;36m[Knote: [m[K  ‘[01m[Kstd::transform[m[K’
 4369 |     [01;36m[Ktransform[m[K(_InputIterator1 __first1, _InputIterator1 __last1,
      |     [01;36m[K^~~~~~~~~[m[K
In file included from [01m[K/usr/include/boost/variant/variant.hpp:90[m[K,
                 from [01m[K/usr/include/boost/signals2/slot_base.hpp:22[m[K,
                 from [01m[K/usr/include/boost/signals2/detail/tracked_objects_visitor.hpp:18[m[K,
                 from [01m[K/usr/include/boost/signals2/slot.hpp:22[m[K,
                 from [01m[K/usr/include/boost/signals2/connection.hpp:24[m[K,
                 from [01m[K/usr/include/boost/signals2/signal.hpp:22[m[K,
                 from [01m[K/usr/include/boost/signals2.hpp:19[m[K,
                 from [01m[K/opt/ros/noetic/include/tf2/buffer_core.h:37[m[K,
                 from [01m[K/opt/ros/noetic/include/tf2_ros/buffer_interface.h:35[m[K,
                 from [01m[K/opt/ros/noetic/include/tf2_ros/buffer.h:35[m[K,
                 from [01m[K/opt/ros/noetic/include/tf2_ros/transform_listener.h:40[m[K,
                 from [01m[K/home/ndev/Documents/nmt/map_test/catkin_ws/src/mapping/src/transform_pointcloud.cpp:3[m[K:
[01m[K/usr/include/boost/mpl/transform.hpp:138:1:[m[K [01;36m[Knote: [m[K  ‘[01m[Kboost::mpl::transform[m[K’
  138 | [01;36m[KAUX778076_TRANSFORM_DEF[m[K(transform)
      | [01;36m[K^~~~~~~~~~~~~~~~~~~~~~~[m[K
[01m[K/home/ndev/Documents/nmt/map_test/catkin_ws/src/mapping/src/transform_pointcloud.cpp:20:13:[m[K [01;31m[Kerror: [m[K‘[01m[Ktransformed_pub[m[K’ was not declared in this scope; did you mean ‘[01m[Ktransformed_cloud[m[K’?
   20 |             [01;31m[Ktransformed_pub[m[K.publish(transformed_cloud);
      |             [01;31m[K^~~~~~~~~~~~~~~[m[K
      |             [32m[Ktransformed_cloud[m[K
[01m[K/home/ndev/Documents/nmt/map_test/catkin_ws/src/mapping/src/transform_pointcloud.cpp:[m[K At global scope:
[01m[K/home/ndev/Documents/nmt/map_test/catkin_ws/src/mapping/src/transform_pointcloud.cpp:32:28:[m[K [01;31m[Kerror: [m[Kno matching function for call to ‘[01m[Ktf2_ros::TransformListener::TransformListener()[m[K’
   32 | tf2_ros::TransformListener [01;31m[Ktf2_listener[m[K;
      |                            [01;31m[K^~~~~~~~~~~~[m[K
In file included from [01m[K/home/ndev/Documents/nmt/map_test/catkin_ws/src/mapping/src/transform_pointcloud.cpp:3[m[K:
[01m[K/opt/ros/noetic/include/tf2_ros/transform_listener.h:55:3:[m[K [01;36m[Knote: [m[Kcandidate: ‘[01m[Ktf2_ros::TransformListener::TransformListener(tf2::BufferCore&, const ros::NodeHandle&, bool, ros::TransportHints)[m[K’
   55 |   [01;36m[KTransformListener[m[K(tf2::BufferCore& buffer, const ros::NodeHandle& nh, bool spin_thread = true,
      |   [01;36m[K^~~~~~~~~~~~~~~~~[m[K
[01m[K/opt/ros/noetic/include/tf2_ros/transform_listener.h:55:3:[m[K [01;36m[Knote: [m[K  candidate expects 4 arguments, 0 provided
[01m[K/opt/ros/noetic/include/tf2_ros/transform_listener.h:53:3:[m[K [01;36m[Knote: [m[Kcandidate: ‘[01m[Ktf2_ros::TransformListener::TransformListener(tf2::BufferCore&, bool, ros::TransportHints)[m[K’
   53 |   [01;36m[KTransformListener[m[K(tf2::BufferCore& buffer, bool spin_thread = true,
      |   [01;36m[K^~~~~~~~~~~~~~~~~[m[K
[01m[K/opt/ros/noetic/include/tf2_ros/transform_listener.h:53:3:[m[K [01;36m[Knote: [m[K  candidate expects 3 arguments, 0 provided
[01m[K/home/ndev/Documents/nmt/map_test/catkin_ws/src/mapping/src/transform_pointcloud.cpp:[m[K In function ‘[01m[Kint main(int, char**)[m[K’:
[01m[K/home/ndev/Documents/nmt/map_test/catkin_ws/src/mapping/src/transform_pointcloud.cpp:46:5:[m[K [01;31m[Kerror: [m[K‘[01m[Kpointcloud_sub_[m[K’ was not declared in this scope; did you mean ‘[01m[Kpointcloud_sub[m[K’?
   46 |     [01;31m[Kpointcloud_sub_[m[K = nh.subscribe(pointcloud_topic, 10, callback);
      |     [01;31m[K^~~~~~~~~~~~~~~[m[K
      |     [32m[Kpointcloud_sub[m[K
make[2]: *** [CMakeFiles/transform_pointcloud_node.dir/build.make:63: CMakeFiles/transform_pointcloud_node.dir/src/transform_pointcloud.cpp.o] Error 1
make[1]: *** [CMakeFiles/Makefile2:403: CMakeFiles/transform_pointcloud_node.dir/all] Error 2
make: *** [Makefile:141: all] Error 2
