[01m[K/home/ndev/Documents/nmt/map_test/catkin_ws/src/mapping/src/transform_pointcloud.cpp:26:33:[m[K [01;31m[Kerror: [m[Ksize of array ‘[01m[Kz_vals[m[K’ is not an integral constant-expression
   26 | std::vector<float> z_vals[rows][[01;31m[Kcols[m[K];
      |                                 [01;31m[K^~~~[m[K
[01m[K/home/ndev/Documents/nmt/map_test/catkin_ws/src/mapping/src/transform_pointcloud.cpp:26:27:[m[K [01;31m[Kerror: [m[Ksize of array ‘[01m[Kz_vals[m[K’ is not an integral constant-expression
   26 | std::vector<float> z_vals[[01;31m[Krows[m[K][cols];
      |                           [01;31m[K^~~~[m[K
[01m[K/home/ndev/Documents/nmt/map_test/catkin_ws/src/mapping/src/transform_pointcloud.cpp:27:15:[m[K [01;31m[Kerror: [m[Ksize of array ‘[01m[Kmap[m[K’ is not an integral constant-expression
   27 | int map[rows][[01;31m[Kcols[m[K];
      |               [01;31m[K^~~~[m[K
[01m[K/home/ndev/Documents/nmt/map_test/catkin_ws/src/mapping/src/transform_pointcloud.cpp:27:9:[m[K [01;31m[Kerror: [m[Ksize of array ‘[01m[Kmap[m[K’ is not an integral constant-expression
   27 | int map[[01;31m[Krows[m[K][cols];
      |         [01;31m[K^~~~[m[K
[01m[K/home/ndev/Documents/nmt/map_test/catkin_ws/src/mapping/src/transform_pointcloud.cpp:28:15:[m[K [01;31m[Kerror: [m[K‘[01m[KINTMAX[m[K’ was not declared in this scope; did you mean ‘[01m[KINT_MAX[m[K’?
   28 | int map_min = [01;31m[KINTMAX[m[K;
      |               [01;31m[K^~~~~~[m[K
      |               [32m[KINT_MAX[m[K
[01m[K/home/ndev/Documents/nmt/map_test/catkin_ws/src/mapping/src/transform_pointcloud.cpp:29:16:[m[K [01;31m[Kerror: [m[K‘[01m[KINTMAX[m[K’ was not declared in this scope; did you mean ‘[01m[KINT_MAX[m[K’?
   29 | int map_max = -[01;31m[KINTMAX[m[K;
      |                [01;31m[K^~~~~~[m[K
      |                [32m[KINT_MAX[m[K
[01m[K/home/ndev/Documents/nmt/map_test/catkin_ws/src/mapping/src/transform_pointcloud.cpp:[m[K In function ‘[01m[Kvoid callback(const PointCloud2ConstPtr&)[m[K’:
[01m[K/home/ndev/Documents/nmt/map_test/catkin_ws/src/mapping/src/transform_pointcloud.cpp:110:56:[m[K [01;31m[Kerror: [m[Kinvalid initialization of reference of type ‘[01m[Kstd::vector<int>&[m[K’ from expression of type ‘[01m[Kstd::vector<float>[m[K’
  110 |                         float m = getMedian([01;31m[Kz_vals[i][j][m[K);
      |                                             [01;31m[K~~~~~~~~~~~^[m[K
[01m[K/home/ndev/Documents/nmt/map_test/catkin_ws/src/mapping/src/transform_pointcloud.cpp:62:36:[m[K [01;36m[Knote: [m[Kin passing argument 1 of ‘[01m[Kdouble getMedian(std::vector<int>&)[m[K’
   62 | double getMedian([01;36m[Kstd::vector<int>& vec[m[K) {
      |                  [01;36m[K~~~~~~~~~~~~~~~~~~^~~[m[K
[01m[K/home/ndev/Documents/nmt/map_test/catkin_ws/src/mapping/src/transform_pointcloud.cpp:134:42:[m[K [01;31m[Kerror: [m[K‘[01m[Kmax[m[K’ was not declared in this scope
  134 |                     m = (m - map_min) / ([01;31m[Kmax[m[K - min) * 100;
      |                                          [01;31m[K^~~[m[K
[01m[K/home/ndev/Documents/nmt/map_test/catkin_ws/src/mapping/src/transform_pointcloud.cpp:134:42:[m[K [01;36m[Knote: [m[Ksuggested alternatives:
In file included from [01m[K/usr/include/c++/9/algorithm:62[m[K,
                 from [01m[K/usr/include/boost/math/tools/config.hpp:18[m[K,
                 from [01m[K/usr/include/boost/math/special_functions/round.hpp:13[m[K,
                 from [01m[K/opt/ros/noetic/include/ros/time.h:58[m[K,
                 from [01m[K/opt/ros/noetic/include/ros/ros.h:38[m[K,
                 from [01m[K/home/ndev/Documents/nmt/map_test/catkin_ws/src/mapping/src/transform_pointcloud.cpp:1[m[K:
[01m[K/usr/include/c++/9/bits/stl_algo.h:3468:5:[m[K [01;36m[Knote: [m[K  ‘[01m[Kstd::max[m[K’
 3468 |     [01;36m[Kmax[m[K(initializer_list<_Tp> __l, _Compare __comp)
      |     [01;36m[K^~~[m[K
In file included from [01m[K/usr/include/boost/mpl/pair_view.hpp:24[m[K,
                 from [01m[K/usr/include/boost/mpl/transform.hpp:20[m[K,
                 from [01m[K/usr/include/boost/variant/variant.hpp:90[m[K,
                 from [01m[K/usr/include/boost/signals2/slot_base.hpp:22[m[K,
                 from [01m[K/usr/include/boost/signals2/detail/tracked_objects_visitor.hpp:18[m[K,
                 from [01m[K/usr/include/boost/signals2/slot.hpp:22[m[K,
                 from [01m[K/usr/include/boost/signals2/connection.hpp:24[m[K,
                 from [01m[K/usr/include/boost/signals2/signal.hpp:22[m[K,
                 from [01m[K/usr/include/boost/signals2.hpp:19[m[K,
                 from [01m[K/opt/ros/noetic/include/tf2/buffer_core.h:37[m[K,
                 from [01m[K/opt/ros/noetic/include/tf2_ros/buffer_interface.h:35[m[K,
                 from [01m[K/opt/ros/noetic/include/tf2_ros/buffer.h:35[m[K,
                 from [01m[K/opt/ros/noetic/include/tf2_ros/transform_listener.h:40[m[K,
                 from [01m[K/home/ndev/Documents/nmt/map_test/catkin_ws/src/mapping/src/transform_pointcloud.cpp:4[m[K:
[01m[K/usr/include/boost/mpl/min_max.hpp:36:8:[m[K [01;36m[Knote: [m[K  ‘[01m[Kboost::mpl::max[m[K’
   36 | struct [01;36m[Kmax[m[K
      |        [01;36m[K^~~[m[K
In file included from [01m[K/usr/include/eigen3/Eigen/Core:411[m[K,
                 from [01m[K/usr/include/eigen3/Eigen/Dense:1[m[K,
                 from [01m[K/usr/include/eigen3/Eigen/Eigen:1[m[K,
                 from [01m[K/opt/ros/noetic/include/tf2_sensor_msgs/tf2_sensor_msgs.h:36[m[K,
                 from [01m[K/home/ndev/Documents/nmt/map_test/catkin_ws/src/mapping/src/transform_pointcloud.cpp:5[m[K:
[01m[K/usr/include/eigen3/Eigen/src/Core/arch/CUDA/Half.h:516:45:[m[K [01;36m[Knote: [m[K  ‘[01m[KEigen::half_impl::max[m[K’
  516 | EIGEN_STRONG_INLINE EIGEN_DEVICE_FUNC half ([01;36m[Kmax[m[K)(const half& a, const half& b) {
      |                                             [01;36m[K^~~[m[K
In file included from [01m[K/usr/include/boost/math/special_functions/round.hpp:13[m[K,
                 from [01m[K/opt/ros/noetic/include/ros/time.h:58[m[K,
                 from [01m[K/opt/ros/noetic/include/ros/ros.h:38[m[K,
                 from [01m[K/home/ndev/Documents/nmt/map_test/catkin_ws/src/mapping/src/transform_pointcloud.cpp:1[m[K:
[01m[K/usr/include/boost/math/tools/config.hpp:347:10:[m[K [01;36m[Knote: [m[K  ‘[01m[Kboost::math::tools::max[m[K’
  347 | inline T [01;36m[Kmax[m[K BOOST_PREVENT_MACRO_SUBSTITUTION(T a, T b, T c, T d) BOOST_MATH_NOEXCEPT(T)
      |          [01;36m[K^~~[m[K
[01m[K/home/ndev/Documents/nmt/map_test/catkin_ws/src/mapping/src/transform_pointcloud.cpp:134:48:[m[K [01;31m[Kerror: [m[K‘[01m[Kmin[m[K’ was not declared in this scope
  134 |                     m = (m - map_min) / (max - [01;31m[Kmin[m[K) * 100;
      |                                                [01;31m[K^~~[m[K
[01m[K/home/ndev/Documents/nmt/map_test/catkin_ws/src/mapping/src/transform_pointcloud.cpp:134:48:[m[K [01;36m[Knote: [m[Ksuggested alternatives:
In file included from [01m[K/usr/include/c++/9/algorithm:62[m[K,
                 from [01m[K/usr/include/boost/math/tools/config.hpp:18[m[K,
                 from [01m[K/usr/include/boost/math/special_functions/round.hpp:13[m[K,
                 from [01m[K/opt/ros/noetic/include/ros/time.h:58[m[K,
                 from [01m[K/opt/ros/noetic/include/ros/ros.h:38[m[K,
                 from [01m[K/home/ndev/Documents/nmt/map_test/catkin_ws/src/mapping/src/transform_pointcloud.cpp:1[m[K:
[01m[K/usr/include/c++/9/bits/stl_algo.h:3456:5:[m[K [01;36m[Knote: [m[K  ‘[01m[Kstd::min[m[K’
 3456 |     [01;36m[Kmin[m[K(initializer_list<_Tp> __l, _Compare __comp)
      |     [01;36m[K^~~[m[K
In file included from [01m[K/usr/include/boost/mpl/pair_view.hpp:24[m[K,
                 from [01m[K/usr/include/boost/mpl/transform.hpp:20[m[K,
                 from [01m[K/usr/include/boost/variant/variant.hpp:90[m[K,
                 from [01m[K/usr/include/boost/signals2/slot_base.hpp:22[m[K,
                 from [01m[K/usr/include/boost/signals2/detail/tracked_objects_visitor.hpp:18[m[K,
                 from [01m[K/usr/include/boost/signals2/slot.hpp:22[m[K,
                 from [01m[K/usr/include/boost/signals2/connection.hpp:24[m[K,
                 from [01m[K/usr/include/boost/signals2/signal.hpp:22[m[K,
                 from [01m[K/usr/include/boost/signals2.hpp:19[m[K,
                 from [01m[K/opt/ros/noetic/include/tf2/buffer_core.h:37[m[K,
                 from [01m[K/opt/ros/noetic/include/tf2_ros/buffer_interface.h:35[m[K,
                 from [01m[K/opt/ros/noetic/include/tf2_ros/buffer.h:35[m[K,
                 from [01m[K/opt/ros/noetic/include/tf2_ros/transform_listener.h:40[m[K,
                 from [01m[K/home/ndev/Documents/nmt/map_test/catkin_ws/src/mapping/src/transform_pointcloud.cpp:4[m[K:
[01m[K/usr/include/boost/mpl/min_max.hpp:27:8:[m[K [01;36m[Knote: [m[K  ‘[01m[Kboost::mpl::min[m[K’
   27 | struct [01;36m[Kmin[m[K
      |        [01;36m[K^~~[m[K
In file included from [01m[K/usr/include/eigen3/Eigen/Core:411[m[K,
                 from [01m[K/usr/include/eigen3/Eigen/Dense:1[m[K,
                 from [01m[K/usr/include/eigen3/Eigen/Eigen:1[m[K,
                 from [01m[K/opt/ros/noetic/include/tf2_sensor_msgs/tf2_sensor_msgs.h:36[m[K,
                 from [01m[K/home/ndev/Documents/nmt/map_test/catkin_ws/src/mapping/src/transform_pointcloud.cpp:5[m[K:
[01m[K/usr/include/eigen3/Eigen/src/Core/arch/CUDA/Half.h:507:45:[m[K [01;36m[Knote: [m[K  ‘[01m[KEigen::half_impl::min[m[K’
  507 | EIGEN_STRONG_INLINE EIGEN_DEVICE_FUNC half ([01;36m[Kmin[m[K)(const half& a, const half& b) {
      |                                             [01;36m[K^~~[m[K
[01m[K/home/ndev/Documents/nmt/map_test/catkin_ws/src/mapping/src/transform_pointcloud.cpp:135:48:[m[K [01;31m[Kerror: [m[Kexpected ‘[01m[K;[m[K’ before ‘[01m[K}[m[K’ token
  135 |                     grid.data.push_back(int(m))
      |                                                [01;31m[K^[m[K
      |                                                [32m[K;[m[K
  136 |                 [32m[K}[m[K
      |                 [32m[K~[m[K                               
make[2]: *** [CMakeFiles/transform_pointcloud_node.dir/build.make:63: CMakeFiles/transform_pointcloud_node.dir/src/transform_pointcloud.cpp.o] Error 1
make[1]: *** [CMakeFiles/Makefile2:403: CMakeFiles/transform_pointcloud_node.dir/all] Error 2
make: *** [Makefile:141: all] Error 2
